<?xml version="1.0" encoding="UTF-8"?>
<!-- Generated by org.testng.reporters.JUnitReportReporter -->
<testsuite hostname="DESKTOP-DRDP7JE" failures="0" tests="1" name="testing.day3" time="0.016" errors="0" timestamp="2022-11-04T09:01:52 IST" skipped="0">
  <testcase classname="testing.day3" name="Food" time="0.016"/>
  <system-out/>
</testsuite> <!-- testing.day3 -->
