<?xml version="1.0" encoding="UTF-8"?>
<!-- Generated by org.testng.reporters.JUnitReportReporter -->
<testsuite hostname="DESKTOP-DRDP7JE" failures="0" tests="3" name="testing.day4" time="0.009" errors="0" timestamp="2022-11-04T09:01:52 IST" skipped="0">
  <testcase classname="testing.day4" name="Holiday" time="0.003"/>
  <system-out/>
  <testcase classname="testing.day4" name="Happy" time="0.004"/>
  <system-out/>
  <testcase classname="testing.day4" name="Sweets" time="0.002"/>
  <system-out/>
</testsuite> <!-- testing.day4 -->
