<?xml version="1.0" encoding="UTF-8"?>
<!-- Generated by org.testng.reporters.JUnitReportReporter -->
<testsuite hostname="DESKTOP-DRDP7JE" failures="0" tests="1" name="testing.day1" time="0.005" errors="0" timestamp="2022-11-04T08:54:47 IST" skipped="0">
  <testcase classname="testing.day1" name="Class" time="0.005"/>
  <system-out/>
</testsuite> <!-- testing.day1 -->
