<?xml version="1.0" encoding="UTF-8"?>
<!-- Generated by org.testng.reporters.JUnitReportReporter -->
<testsuite hostname="DESKTOP-DRDP7JE" failures="0" tests="1" name="testing.day2" time="0.004" errors="0" timestamp="2022-11-04T09:01:52 IST" skipped="0">
  <testcase classname="testing.day2" name="Thing" time="0.004"/>
  <system-out/>
</testsuite> <!-- testing.day2 -->
